  color.cpp
  io.cpp
C:\Users\Martin\Desktop\skola\izg_lab_02\io.h(48,26): warning C4190: 'loadPolygonalCube' has C-linkage specified, but returns UDT 'Model' which is incompatible with C
C:\Users\Martin\Desktop\skola\izg_lab_02\rasterizer.h(204): message : see declaration of 'Model'
C:\Users\Martin\Desktop\skola\izg_lab_02\io.h(51,35): warning C4190: 'loadPolygonalCuboctahedron' has C-linkage specified, but returns UDT 'Model' which is incompatible with C
C:\Users\Martin\Desktop\skola\izg_lab_02\rasterizer.h(204): message : see declaration of 'Model'
C:\Users\Martin\Desktop\skola\izg_lab_02\io.h(54,47): warning C4190: 'loadPolygonalModel' has C-linkage specified, but returns UDT 'Model' which is incompatible with C
C:\Users\Martin\Desktop\skola\izg_lab_02\rasterizer.h(204): message : see declaration of 'Model'
C:\Users\Martin\Desktop\skola\izg_lab_02\io.cpp(210,34): warning C4244: 'argument': conversion from 'float' to 'int', possible loss of data
C:\Users\Martin\Desktop\skola\izg_lab_02\io.cpp(210,18): warning C4244: 'argument': conversion from 'float' to 'int', possible loss of data
C:\Users\Martin\Desktop\skola\izg_lab_02\io.cpp(209,19): warning C4244: 'argument': conversion from 'const float' to 'int', possible loss of data
C:\Users\Martin\Desktop\skola\izg_lab_02\io.cpp(209,13): warning C4244: 'argument': conversion from 'const float' to 'int', possible loss of data
C:\Users\Martin\Desktop\skola\izg_lab_02\io.cpp(215,22): warning C4244: 'argument': conversion from 'const float' to 'int', possible loss of data
C:\Users\Martin\Desktop\skola\izg_lab_02\io.cpp(215,16): warning C4244: 'argument': conversion from 'const float' to 'int', possible loss of data
C:\Users\Martin\Desktop\skola\izg_lab_02\io.cpp(216,22): warning C4244: 'argument': conversion from 'const float' to 'int', possible loss of data
C:\Users\Martin\Desktop\skola\izg_lab_02\io.cpp(216,16): warning C4244: 'argument': conversion from 'const float' to 'int', possible loss of data
  main.cpp
C:\Users\Martin\Desktop\skola\izg_lab_02\io.h(48,26): warning C4190: 'loadPolygonalCube' has C-linkage specified, but returns UDT 'Model' which is incompatible with C
C:\Users\Martin\Desktop\skola\izg_lab_02\rasterizer.h(204): message : see declaration of 'Model'
C:\Users\Martin\Desktop\skola\izg_lab_02\io.h(51,35): warning C4190: 'loadPolygonalCuboctahedron' has C-linkage specified, but returns UDT 'Model' which is incompatible with C
C:\Users\Martin\Desktop\skola\izg_lab_02\rasterizer.h(204): message : see declaration of 'Model'
C:\Users\Martin\Desktop\skola\izg_lab_02\io.h(54,47): warning C4190: 'loadPolygonalModel' has C-linkage specified, but returns UDT 'Model' which is incompatible with C
C:\Users\Martin\Desktop\skola\izg_lab_02\rasterizer.h(204): message : see declaration of 'Model'
  rasterizer.cpp
C:\Users\Martin\Desktop\skola\izg_lab_02\io.h(48,26): warning C4190: 'loadPolygonalCube' has C-linkage specified, but returns UDT 'Model' which is incompatible with C
C:\Users\Martin\Desktop\skola\izg_lab_02\rasterizer.h(204): message : see declaration of 'Model'
C:\Users\Martin\Desktop\skola\izg_lab_02\io.h(51,35): warning C4190: 'loadPolygonalCuboctahedron' has C-linkage specified, but returns UDT 'Model' which is incompatible with C
C:\Users\Martin\Desktop\skola\izg_lab_02\rasterizer.h(204): message : see declaration of 'Model'
C:\Users\Martin\Desktop\skola\izg_lab_02\io.h(54,47): warning C4190: 'loadPolygonalModel' has C-linkage specified, but returns UDT 'Model' which is incompatible with C
C:\Users\Martin\Desktop\skola\izg_lab_02\rasterizer.h(204): message : see declaration of 'Model'
  student.cpp
  Generating Code...
  izg_lab_02.vcxproj -> C:\Users\Martin\Desktop\skola\izg_lab_02\Debug\izg_lab_02.exe
  C:\Users\Martin\Desktop\skola\izg_lab_02\\SDL-1.2.15\lib\x86\SDL.dll
  1 File(s) copied
